[2025-08-09 11:36:24] [INFO] __main__: 257: fetch_symbol_list Execution started...
[2025-08-09 11:36:24] [INFO] __main__: 264: Running for symbol: BA
[2025-08-09 11:36:28] [INFO] __main__: 273: Provided symbol is correct, fetching data for BA
[2025-08-09 11:36:28] [INFO] __main__: 284: fetch_symbol_list execution finished
[2025-08-09 11:36:28] [INFO] __main__: 295: ETL_data Execution started...
[2025-08-09 11:36:29] [INFO] __main__: 304: Fetching stock data for: BA
[2025-08-09 11:36:30] [INFO] __main__: 314: Successfully extracted stock data for BA
[2025-08-09 11:36:30] [INFO] __main__: 317: Successfully extracted stock meta data for BA
[2025-08-09 11:36:30] [INFO] __main__: 121: fetch_daily_stock_data Execution started...
[2025-08-09 11:36:30] [INFO] __main__: 149: fetch_daily_stock_data Execution finished!
[2025-08-09 11:36:30] [INFO] __main__: 66: fetch_stock_metadata execution started...
[2025-08-09 11:36:30] [INFO] __main__: 100: fetch_stock_metadata Execution finished!
[2025-08-09 11:36:30] [INFO] __main__: 101: {'Symbol': 'BA', 'created_at': '2025-08-09 11:36:30', 'updated_at': '2025-08-09 11:36:30', 'Description': 'The Boeing Company is an American multinational corporation that designs, manufactures, and sells airplanes, rotorcraft, rockets, satellites, telecommunications equipment, and missiles worldwide. The company also provides leasing and product support services.', 'AssetType': 'Common Stock', 'Name': 'The Boeing Company', 'Exchange': 'NYSE', 'Currency': 'USD', 'Country': 'USA', 'Sector': 'MANUFACTURING', 'Industry': 'AIRCRAFT', 'Address': 'P O BOX 3707 MS 1F 31, SEATTLE, WA, US', 'OfficialSite': 'https://www.boeing.com', 'FiscalYearEnd': 'December', 'LatestQuarter': '2025-06-30', 'MarketCapitalization': '171897405000', 'EBITDA': '-7007000064', 'PERatio': 'None', 'PEGRatio': '6.53', 'BookValue': '-4.369', 'DividendPerShare': 'None', 'DividendYield': 'None', 'RevenuePerShareTTM': '105.06', 'ProfitMargin': '-0.142', 'OperatingMarginTTM': '-0.0098', 'ReturnOnAssetsTTM': '-0.0373', 'ReturnOnEquityTTM': '0', 'RevenueTTM': '75326996000', 'GrossProfitTTM': '-115000000', 'QuarterlyEarningsGrowthYOY': '-0.68', 'QuarterlyRevenueGrowthYOY': '0.349', 'PriceToBookRatio': '-', '50DayMovingAverage': '216.88', '200DayMovingAverage': '181.25', 'SharesOutstanding': '756158000'}
[2025-08-09 11:36:30] [INFO] __main__: 203: load_update_stock_metadata_to_db Execution started...
[2025-08-09 11:36:31] [INFO] __main__: 245: load_update_stock_metadata_to_db Execution finished!
[2025-08-09 11:36:31] [INFO] __main__: 160: load_update_daily_stock_data_to_db Execution started...
[2025-08-09 11:36:32] [INFO] __main__: 191: load_update_daily_stock_data_to_db execution finished!
[2025-08-09 11:36:32] [INFO] __main__: 341: ETL_data execution finished!
[2025-08-09 11:36:32] [INFO] __main__: 344: Database connection closed.
[2025-08-09 12:01:54] [INFO] __main__: 257: fetch_symbol_list Execution started...
[2025-08-09 12:01:54] [INFO] __main__: 264: Running for symbol: BABA
[2025-08-09 12:01:58] [INFO] __main__: 273: Provided symbol is correct, fetching data for BABA
[2025-08-09 12:01:58] [INFO] __main__: 284: fetch_symbol_list execution finished
[2025-08-09 12:01:58] [INFO] __main__: 295: ETL_data Execution started...
[2025-08-09 12:01:59] [INFO] __main__: 304: Fetching stock data for: BABA
[2025-08-09 12:02:00] [INFO] __main__: 314: Successfully extracted stock data for BABA
[2025-08-09 12:02:00] [INFO] __main__: 317: Successfully extracted stock meta data for BABA
[2025-08-09 12:02:00] [INFO] __main__: 121: fetch_daily_stock_data Execution started...
[2025-08-09 12:02:00] [INFO] __main__: 149: fetch_daily_stock_data Execution finished!
[2025-08-09 12:02:00] [INFO] __main__: 66: fetch_stock_metadata execution started...
[2025-08-09 12:02:00] [INFO] __main__: 100: fetch_stock_metadata Execution finished!
[2025-08-09 12:02:00] [INFO] __main__: 101: {'Symbol': 'BABA', 'created_at': '2025-08-09 12:02:00', 'updated_at': '2025-08-09 12:02:00', 'Description': 'Alibaba Group Holding Limited, also known as Alibaba Group and Alibaba.com, is a Chinese multinational technology company specializing in e-commerce, retail, Internet, and technology. Founded on 28 June 1999 in Hangzhou, Zhejiang, the company provides consumer-to-consumer (C2C), business-to-consumer (B2C), and business-to-business (B2B) sales services via web portals, as well as electronic payment services, shopping search engines and cloud computing services. It owns and operates a diverse portfolio of companies around the world in numerous business sectors.', 'AssetType': 'Common Stock', 'Name': 'Alibaba Group Holding Ltd', 'Exchange': 'NYSE', 'Currency': 'USD', 'Country': 'USA', 'Sector': 'TRADE & SERVICES', 'Industry': 'SERVICES-BUSINESS SERVICES, NEC', 'Address': '26/F TOWER ONE, TIMES SQUARE, 1 MATHESON STREET, CAUSEWAY BAY, HK', 'OfficialSite': 'https://www.alibabagroup.com', 'FiscalYearEnd': 'March', 'LatestQuarter': '2025-03-31', 'MarketCapitalization': '289676231000', 'EBITDA': '194145993000', 'PERatio': '16.21', 'PEGRatio': '1.27', 'BookValue': '437.3', 'DividendPerShare': '7.62', 'DividendYield': '0.0087', 'RevenuePerShareTTM': '424.18', 'ProfitMargin': '0.131', 'OperatingMarginTTM': '0.14', 'ReturnOnAssetsTTM': '0.0531', 'ReturnOnEquityTTM': '0.114', 'RevenueTTM': '996347019000', 'GrossProfitTTM': '398061994000', 'QuarterlyEarningsGrowthYOY': '2.964', 'QuarterlyRevenueGrowthYOY': '0.066', 'PriceToBookRatio': '2.052', '50DayMovingAverage': '115.88', '200DayMovingAverage': '110.02', 'SharesOutstanding': '2384460000'}
[2025-08-09 12:02:00] [INFO] __main__: 203: load_update_stock_metadata_to_db Execution started...
[2025-08-09 12:02:01] [INFO] __main__: 245: load_update_stock_metadata_to_db Execution finished!
[2025-08-09 12:02:01] [INFO] __main__: 160: load_update_daily_stock_data_to_db Execution started...
[2025-08-09 12:02:02] [INFO] __main__: 191: load_update_daily_stock_data_to_db execution finished!
[2025-08-09 12:02:02] [INFO] __main__: 341: ETL_data execution finished!
[2025-08-09 12:02:02] [INFO] __main__: 344: Database connection closed.
[2025-08-09 12:53:56] [INFO] __main__: 271: fetch_symbol_list Execution started...
[2025-08-09 12:53:56] [INFO] __main__: 278: Running for symbol: AAPL
[2025-08-09 12:53:57] [INFO] __main__: 287: Provided symbol is correct, fetching data for AAPL
[2025-08-09 12:53:57] [INFO] __main__: 298: fetch_symbol_list execution finished
[2025-08-09 12:53:57] [INFO] __main__: 309: ETL_data Execution started...
[2025-08-09 12:53:58] [INFO] __main__: 318: Fetching stock data for: AAPL
[2025-08-09 12:53:59] [INFO] __main__: 328: Successfully extracted stock data for AAPL
[2025-08-09 12:53:59] [INFO] __main__: 331: Successfully extracted stock meta data for AAPL
[2025-08-09 12:53:59] [INFO] __main__: 121: fetch_daily_stock_data Execution started...
[2025-08-09 12:53:59] [INFO] __main__: 149: fetch_daily_stock_data Execution finished!
[2025-08-09 12:53:59] [INFO] __main__: 66: fetch_stock_metadata execution started...
[2025-08-09 12:53:59] [INFO] __main__: 100: fetch_stock_metadata Execution finished!
[2025-08-09 12:53:59] [INFO] __main__: 101: {'Symbol': 'AAPL', 'created_at': '2025-08-09 12:53:59', 'updated_at': '2025-08-09 12:53:59', 'Description': "Apple Inc. is an American multinational technology company that specializes in consumer electronics, computer software, and online services. Apple is the world's largest technology company by revenue (totalling $274.5 billion in 2020) and, since January 2021, the world's most valuable company. As of 2021, Apple is the world's fourth-largest PC vendor by unit sales, and fourth-largest smartphone manufacturer. It is one of the Big Five American information technology companies, along with Amazon, Google, Microsoft, and Facebook.", 'AssetType': 'Common Stock', 'Name': 'Apple Inc', 'Exchange': 'NASDAQ', 'Currency': 'USD', 'Country': 'USA', 'Sector': 'TECHNOLOGY', 'Industry': 'ELECTRONIC COMPUTERS', 'Address': 'ONE INFINITE LOOP, CUPERTINO, CA, US', 'OfficialSite': 'https://www.apple.com', 'FiscalYearEnd': 'September', 'LatestQuarter': '2025-06-30', 'MarketCapitalization': '3265333035000', 'EBITDA': '141696008000', 'PERatio': '32.36', 'PEGRatio': '1.999', 'BookValue': '4.431', 'DividendPerShare': '1.01', 'DividendYield': '0.0047', 'RevenuePerShareTTM': '27.17', 'ProfitMargin': '0.243', 'OperatingMarginTTM': '0.3', 'ReturnOnAssetsTTM': '0.245', 'ReturnOnEquityTTM': '1.498', 'RevenueTTM': '408624988000', 'GrossProfitTTM': '190739005000', 'QuarterlyEarningsGrowthYOY': '0.121', 'QuarterlyRevenueGrowthYOY': '0.096', 'PriceToBookRatio': '49.6', '50DayMovingAverage': '206.09', '200DayMovingAverage': '221.13', 'SharesOutstanding': '14840400000'}
[2025-08-09 12:53:59] [INFO] __main__: 207: load_update_stock_metadata_to_db Execution started...
[2025-08-09 12:54:00] [INFO] __main__: 258: load_update_stock_metadata_to_db Execution finished!
[2025-08-09 12:54:00] [INFO] __main__: 160: load_update_daily_stock_data_to_db Execution started...
[2025-08-09 12:54:01] [INFO] __main__: 191: load_update_daily_stock_data_to_db execution finished!
[2025-08-09 12:54:01] [INFO] __main__: 355: ETL_data execution finished!
[2025-08-09 12:54:01] [INFO] __main__: 358: Database connection closed.
[2025-08-09 12:54:29] [INFO] __main__: 271: fetch_symbol_list Execution started...
[2025-08-09 12:54:29] [INFO] __main__: 278: Running for symbol: MSFT
[2025-08-09 12:54:30] [INFO] __main__: 287: Provided symbol is correct, fetching data for MSFT
[2025-08-09 12:54:30] [INFO] __main__: 298: fetch_symbol_list execution finished
[2025-08-09 12:54:30] [INFO] __main__: 309: ETL_data Execution started...
[2025-08-09 12:54:31] [INFO] __main__: 318: Fetching stock data for: MSFT
[2025-08-09 12:54:32] [INFO] __main__: 328: Successfully extracted stock data for MSFT
[2025-08-09 12:54:32] [INFO] __main__: 331: Successfully extracted stock meta data for MSFT
[2025-08-09 12:54:32] [INFO] __main__: 121: fetch_daily_stock_data Execution started...
[2025-08-09 12:54:32] [INFO] __main__: 149: fetch_daily_stock_data Execution finished!
[2025-08-09 12:54:32] [INFO] __main__: 66: fetch_stock_metadata execution started...
[2025-08-09 12:54:32] [INFO] __main__: 100: fetch_stock_metadata Execution finished!
[2025-08-09 12:54:32] [INFO] __main__: 101: {'Symbol': 'MSFT', 'created_at': '2025-08-09 12:54:32', 'updated_at': '2025-08-09 12:54:32', 'Description': "Microsoft Corporation is an American multinational technology company which produces computer software, consumer electronics, personal computers, and related services. Its best known software products are the Microsoft Windows line of operating systems, the Microsoft Office suite, and the Internet Explorer and Edge web browsers. Its flagship hardware products are the Xbox video game consoles and the Microsoft Surface lineup of touchscreen personal computers. Microsoft ranked No. 21 in the 2020 Fortune 500 rankings of the largest United States corporations by total revenue; it was the world's largest software maker by revenue as of 2016. It is considered one of the Big Five companies in the U.S. information technology industry, along with Google, Apple, Amazon, and Facebook.", 'AssetType': 'Common Stock', 'Name': 'Microsoft Corporation', 'Exchange': 'NASDAQ', 'Currency': 'USD', 'Country': 'USA', 'Sector': 'TECHNOLOGY', 'Industry': 'SERVICES-PREPACKAGED SOFTWARE', 'Address': 'ONE MICROSOFT WAY, REDMOND, WA, US', 'OfficialSite': 'https://www.microsoft.com', 'FiscalYearEnd': 'June', 'LatestQuarter': '2025-06-30', 'MarketCapitalization': '3901967041000', 'EBITDA': '156528001000', 'PERatio': '38.47', 'PEGRatio': '2.344', 'BookValue': '46.2', 'DividendPerShare': '3.32', 'DividendYield': '0.0063', 'RevenuePerShareTTM': '37.9', 'ProfitMargin': '0.361', 'OperatingMarginTTM': '0.449', 'ReturnOnAssetsTTM': '0.142', 'ReturnOnEquityTTM': '0.333', 'RevenueTTM': '281723994000', 'GrossProfitTTM': '193893007000', 'QuarterlyEarningsGrowthYOY': '0.237', 'QuarterlyRevenueGrowthYOY': '0.181', 'PriceToBookRatio': '11.27', '50DayMovingAverage': '494.38', '200DayMovingAverage': '435.02', 'SharesOutstanding': '7433170000'}
[2025-08-09 12:54:32] [INFO] __main__: 207: load_update_stock_metadata_to_db Execution started...
[2025-08-09 12:54:33] [INFO] __main__: 258: load_update_stock_metadata_to_db Execution finished!
[2025-08-09 12:54:33] [INFO] __main__: 160: load_update_daily_stock_data_to_db Execution started...
[2025-08-09 12:54:34] [INFO] __main__: 191: load_update_daily_stock_data_to_db execution finished!
[2025-08-09 12:54:34] [INFO] __main__: 355: ETL_data execution finished!
[2025-08-09 12:54:34] [INFO] __main__: 358: Database connection closed.
[2025-08-09 12:54:54] [INFO] __main__: 271: fetch_symbol_list Execution started...
[2025-08-09 12:54:54] [INFO] __main__: 278: Running for symbol: GOOGL
[2025-08-09 12:54:54] [INFO] __main__: 287: Provided symbol is correct, fetching data for GOOGL
[2025-08-09 12:54:54] [INFO] __main__: 298: fetch_symbol_list execution finished
[2025-08-09 12:54:54] [INFO] __main__: 309: ETL_data Execution started...
[2025-08-09 12:54:56] [INFO] __main__: 318: Fetching stock data for: GOOGL
[2025-08-09 12:54:57] [INFO] __main__: 328: Successfully extracted stock data for GOOGL
[2025-08-09 12:54:57] [INFO] __main__: 331: Successfully extracted stock meta data for GOOGL
[2025-08-09 12:54:57] [INFO] __main__: 121: fetch_daily_stock_data Execution started...
[2025-08-09 12:54:57] [INFO] __main__: 149: fetch_daily_stock_data Execution finished!
[2025-08-09 12:54:57] [INFO] __main__: 66: fetch_stock_metadata execution started...
[2025-08-09 12:54:57] [INFO] __main__: 100: fetch_stock_metadata Execution finished!
[2025-08-09 12:54:57] [INFO] __main__: 101: {'Symbol': 'GOOGL', 'created_at': '2025-08-09 12:54:57', 'updated_at': '2025-08-09 12:54:57', 'Description': "Alphabet Inc. is an American multinational conglomerate headquartered in Mountain View, California. It was created through a restructuring of Google on October 2, 2015, and became the parent company of Google and several former Google subsidiaries. The two co-founders of Google remained as controlling shareholders, board members, and employees at Alphabet. Alphabet is the world's fourth-largest technology company by revenue and one of the world's most valuable companies.", 'AssetType': 'Common Stock', 'Name': 'Alphabet Inc Class A', 'Exchange': 'NASDAQ', 'Currency': 'USD', 'Country': 'USA', 'Sector': 'TECHNOLOGY', 'Industry': 'SERVICES-COMPUTER PROGRAMMING, DATA PROCESSING, ETC.', 'Address': '1600 AMPHITHEATRE PARKWAY, MOUNTAIN VIEW, CA, US', 'OfficialSite': 'https://abc.xyz', 'FiscalYearEnd': 'December', 'LatestQuarter': '2025-06-30', 'MarketCapitalization': '2376025244000', 'EBITDA': '140840993000', 'PERatio': '20.93', 'PEGRatio': '1.461', 'BookValue': '29.98', 'DividendPerShare': '1.01', 'DividendYield': '0.0052', 'RevenuePerShareTTM': '30.43', 'ProfitMargin': '0.311', 'OperatingMarginTTM': '0.324', 'ReturnOnAssetsTTM': '0.168', 'ReturnOnEquityTTM': '0.348', 'RevenueTTM': '371399000000', 'GrossProfitTTM': '218911998000', 'QuarterlyEarningsGrowthYOY': '0.223', 'QuarterlyRevenueGrowthYOY': '0.138', 'PriceToBookRatio': '6.55', '50DayMovingAverage': '180.14', '200DayMovingAverage': '175.65', 'SharesOutstanding': '5817000000'}
[2025-08-09 12:54:57] [INFO] __main__: 207: load_update_stock_metadata_to_db Execution started...
[2025-08-09 12:54:57] [INFO] __main__: 258: load_update_stock_metadata_to_db Execution finished!
[2025-08-09 12:54:57] [INFO] __main__: 160: load_update_daily_stock_data_to_db Execution started...
[2025-08-09 12:54:58] [INFO] __main__: 191: load_update_daily_stock_data_to_db execution finished!
[2025-08-09 12:54:58] [INFO] __main__: 355: ETL_data execution finished!
[2025-08-09 12:54:58] [INFO] __main__: 358: Database connection closed.
[2025-08-09 12:55:14] [INFO] __main__: 271: fetch_symbol_list Execution started...
[2025-08-09 12:55:14] [INFO] __main__: 278: Running for symbol: META
[2025-08-09 12:55:15] [INFO] __main__: 287: Provided symbol is correct, fetching data for META
[2025-08-09 12:55:15] [INFO] __main__: 298: fetch_symbol_list execution finished
[2025-08-09 12:55:15] [INFO] __main__: 309: ETL_data Execution started...
[2025-08-09 12:55:16] [INFO] __main__: 318: Fetching stock data for: META
[2025-08-09 12:55:17] [INFO] __main__: 328: Successfully extracted stock data for META
[2025-08-09 12:55:17] [INFO] __main__: 331: Successfully extracted stock meta data for META
[2025-08-09 12:55:17] [INFO] __main__: 121: fetch_daily_stock_data Execution started...
[2025-08-09 12:55:17] [INFO] __main__: 149: fetch_daily_stock_data Execution finished!
[2025-08-09 12:55:17] [INFO] __main__: 66: fetch_stock_metadata execution started...
[2025-08-09 12:55:17] [INFO] __main__: 100: fetch_stock_metadata Execution finished!
[2025-08-09 12:55:17] [INFO] __main__: 101: {'Symbol': 'META', 'created_at': '2025-08-09 12:55:17', 'updated_at': '2025-08-09 12:55:17', 'Description': 'Meta Platforms, Inc. develops products that enable people to connect and share with friends and family through mobile devices, PCs, virtual reality headsets, wearables and home devices around the world. The company is headquartered in Menlo Park, California.', 'AssetType': 'Common Stock', 'Name': 'Meta Platforms Inc.', 'Exchange': 'NASDAQ', 'Currency': 'USD', 'Country': 'USA', 'Sector': 'TECHNOLOGY', 'Industry': 'SERVICES-COMPUTER PROGRAMMING, DATA PROCESSING, ETC.', 'Address': '1601 WILLOW ROAD, MENLO PARK, CA, US', 'OfficialSite': 'https://investor.atmeta.com', 'FiscalYearEnd': 'December', 'LatestQuarter': '2025-06-30', 'MarketCapitalization': '1939344851000', 'EBITDA': '94279999000', 'PERatio': '28.01', 'PEGRatio': '2.43', 'BookValue': '77.53', 'DividendPerShare': '2.05', 'DividendYield': '0.0027', 'RevenuePerShareTTM': '70.81', 'ProfitMargin': '0.4', 'OperatingMarginTTM': '0.43', 'ReturnOnAssetsTTM': '0.185', 'ReturnOnEquityTTM': '0.406', 'RevenueTTM': '178803999000', 'GrossProfitTTM': '146558992000', 'QuarterlyEarningsGrowthYOY': '0.384', 'QuarterlyRevenueGrowthYOY': '0.216', 'PriceToBookRatio': '9.94', '50DayMovingAverage': '709.65', '200DayMovingAverage': '632.82', 'SharesOutstanding': '2168960000'}
[2025-08-09 12:55:17] [INFO] __main__: 207: load_update_stock_metadata_to_db Execution started...
[2025-08-09 12:55:18] [INFO] __main__: 258: load_update_stock_metadata_to_db Execution finished!
[2025-08-09 12:55:18] [INFO] __main__: 160: load_update_daily_stock_data_to_db Execution started...
[2025-08-09 12:55:19] [INFO] __main__: 191: load_update_daily_stock_data_to_db execution finished!
[2025-08-09 12:55:19] [INFO] __main__: 355: ETL_data execution finished!
[2025-08-09 12:55:19] [INFO] __main__: 358: Database connection closed.
[2025-08-09 12:55:36] [INFO] __main__: 271: fetch_symbol_list Execution started...
[2025-08-09 12:55:36] [INFO] __main__: 278: Running for symbol: TEAM
[2025-08-09 12:56:55] [INFO] __main__: 271: fetch_symbol_list Execution started...
[2025-08-09 12:56:55] [INFO] __main__: 278: Running for symbol: TEAM
[2025-08-09 12:57:17] [INFO] __main__: 271: fetch_symbol_list Execution started...
[2025-08-09 12:57:17] [INFO] __main__: 278: Running for symbol: TEAM
[2025-08-09 12:57:18] [INFO] __main__: 287: Provided symbol is correct, fetching data for TEAM
[2025-08-09 12:57:18] [INFO] __main__: 298: fetch_symbol_list execution finished
[2025-08-09 12:57:18] [INFO] __main__: 309: ETL_data Execution started...
[2025-08-09 12:57:19] [INFO] __main__: 318: Fetching stock data for: TEAM
[2025-08-09 12:57:21] [INFO] __main__: 328: Successfully extracted stock data for TEAM
[2025-08-09 12:57:21] [INFO] __main__: 331: Successfully extracted stock meta data for TEAM
[2025-08-09 12:57:21] [INFO] __main__: 121: fetch_daily_stock_data Execution started...
[2025-08-09 12:57:21] [INFO] __main__: 149: fetch_daily_stock_data Execution finished!
[2025-08-09 12:57:21] [INFO] __main__: 66: fetch_stock_metadata execution started...
[2025-08-09 12:57:21] [INFO] __main__: 100: fetch_stock_metadata Execution finished!
[2025-08-09 12:57:21] [INFO] __main__: 101: {'Symbol': 'TEAM', 'created_at': '2025-08-09 12:57:21', 'updated_at': '2025-08-09 12:57:21', 'Description': 'Atlassian Corporation Plc designs, develops, licenses and maintains various software products worldwide. The company is headquartered in Sydney, Australia.', 'AssetType': 'Common Stock', 'Name': 'Atlassian Corp Plc', 'Exchange': 'NASDAQ', 'Currency': 'USD', 'Country': 'USA', 'Sector': 'TECHNOLOGY', 'Industry': 'SERVICES-PREPACKAGED SOFTWARE', 'Address': '350 BUSH STREET, FLOOR 13, SAN FRANCISCO, CA, US', 'OfficialSite': 'https://www.atlassian.com', 'FiscalYearEnd': 'June', 'LatestQuarter': '2025-03-31', 'MarketCapitalization': '44888527000', 'EBITDA': '-38017000', 'PERatio': 'None', 'PEGRatio': '2.007', 'BookValue': '5.12', 'DividendPerShare': 'None', 'DividendYield': 'None', 'RevenuePerShareTTM': '19.92', 'ProfitMargin': '-0.0492', 'OperatingMarginTTM': '-0.0206', 'ReturnOnAssetsTTM': '-0.0145', 'ReturnOnEquityTTM': '-0.216', 'RevenueTTM': '5215304000', 'GrossProfitTTM': '4320453000', 'QuarterlyEarningsGrowthYOY': '1.722', 'QuarterlyRevenueGrowthYOY': '0.223', 'PriceToBookRatio': '32.79', '50DayMovingAverage': '200.34', '200DayMovingAverage': '232.12', 'SharesOutstanding': '165245000'}
[2025-08-09 12:57:21] [INFO] __main__: 207: load_update_stock_metadata_to_db Execution started...
[2025-08-09 12:57:22] [INFO] __main__: 258: load_update_stock_metadata_to_db Execution finished!
[2025-08-09 12:57:22] [INFO] __main__: 160: load_update_daily_stock_data_to_db Execution started...
[2025-08-09 12:57:23] [INFO] __main__: 191: load_update_daily_stock_data_to_db execution finished!
[2025-08-09 12:57:23] [INFO] __main__: 355: ETL_data execution finished!
[2025-08-09 12:57:23] [INFO] __main__: 358: Database connection closed.
[2025-08-09 12:58:37] [INFO] __main__: 271: fetch_symbol_list Execution started...
[2025-08-09 12:58:37] [INFO] __main__: 278: Running for symbol: ORCL
[2025-08-09 12:58:38] [INFO] __main__: 287: Provided symbol is correct, fetching data for ORCL
[2025-08-09 12:58:38] [INFO] __main__: 298: fetch_symbol_list execution finished
[2025-08-09 12:58:38] [INFO] __main__: 309: ETL_data Execution started...
[2025-08-09 12:58:39] [INFO] __main__: 318: Fetching stock data for: ORCL
[2025-08-09 12:58:40] [INFO] __main__: 328: Successfully extracted stock data for ORCL
[2025-08-09 12:58:40] [INFO] __main__: 331: Successfully extracted stock meta data for ORCL
[2025-08-09 12:58:40] [INFO] __main__: 121: fetch_daily_stock_data Execution started...
[2025-08-09 12:58:40] [INFO] __main__: 149: fetch_daily_stock_data Execution finished!
[2025-08-09 12:58:40] [INFO] __main__: 66: fetch_stock_metadata execution started...
[2025-08-09 12:58:40] [INFO] __main__: 100: fetch_stock_metadata Execution finished!
[2025-08-09 12:58:40] [INFO] __main__: 101: {'Symbol': 'ORCL', 'created_at': '2025-08-09 12:58:40', 'updated_at': '2025-08-09 12:58:40', 'Description': 'Oracle is an American multinational computer technology corporation headquartered in Austin, Texas. The company was formerly headquartered in Redwood Shores, California until December 2020 when it moved its headquarters to Texas. The company sells database software and technology, cloud engineered systems, and enterprise software products, particularly its own brands of database management systems.', 'AssetType': 'Common Stock', 'Name': 'Oracle Corporation', 'Exchange': 'NYSE', 'Currency': 'USD', 'Country': 'USA', 'Sector': 'TECHNOLOGY', 'Industry': 'SERVICES-PREPACKAGED SOFTWARE', 'Address': '500 ORACLE PARKWAY, MAIL STOP 5 OP 7, REDWOOD CITY, CA, US', 'OfficialSite': 'https://www.oracle.com', 'FiscalYearEnd': 'May', 'LatestQuarter': '2025-05-31', 'MarketCapitalization': '720268231000', 'EBITDA': '23485999000', 'PERatio': '59.24', 'PEGRatio': '2.598', 'BookValue': '7.29', 'DividendPerShare': '1.8', 'DividendYield': '0.007', 'RevenuePerShareTTM': '20.58', 'ProfitMargin': '0.217', 'OperatingMarginTTM': '0.325', 'ReturnOnAssetsTTM': '0.0726', 'ReturnOnEquityTTM': '0.824', 'RevenueTTM': '57399001000', 'GrossProfitTTM': '40471998000', 'QuarterlyEarningsGrowthYOY': '0.073', 'QuarterlyRevenueGrowthYOY': '0.113', 'PriceToBookRatio': '34.25', '50DayMovingAverage': '218.47', '200DayMovingAverage': '177.14', 'SharesOutstanding': '2808830000'}
[2025-08-09 12:58:40] [INFO] __main__: 207: load_update_stock_metadata_to_db Execution started...
[2025-08-09 12:58:42] [INFO] __main__: 258: load_update_stock_metadata_to_db Execution finished!
[2025-08-09 12:58:42] [INFO] __main__: 160: load_update_daily_stock_data_to_db Execution started...
[2025-08-09 12:58:43] [INFO] __main__: 191: load_update_daily_stock_data_to_db execution finished!
[2025-08-09 12:58:43] [INFO] __main__: 355: ETL_data execution finished!
[2025-08-09 12:58:43] [INFO] __main__: 358: Database connection closed.
